Analysis & Synthesis report for insttruction_memory
Mon Jun 26 22:20:18 2023
Quartus II Version 9.0 Build 132 02/25/2009 SJ Web Edition


---------------------
; Table of Contents ;
---------------------
  1. Legal Notice
  2. Analysis & Synthesis Summary
  3. Analysis & Synthesis Settings
  4. Analysis & Synthesis Source Files Read
  5. Analysis & Synthesis Resource Usage Summary
  6. Analysis & Synthesis Resource Utilization by Entity
  7. Registers Removed During Synthesis
  8. General Register Statistics
  9. Analysis & Synthesis Messages
 10. Analysis & Synthesis Suppressed Messages



----------------
; Legal Notice ;
----------------
Copyright (C) 1991-2009 Altera Corporation
Your use of Altera Corporation's design tools, logic functions 
and other software and tools, and its AMPP partner logic 
functions, and any output files from any of the foregoing 
(including device programming or simulation files), and any 
associated documentation or information are expressly subject 
to the terms and conditions of the Altera Program License 
Subscription Agreement, Altera MegaCore Function License 
Agreement, or other applicable license agreement, including, 
without limitation, that your use is for the sole purpose of 
programming logic devices manufactured by Altera and sold by 
Altera or its authorized distributors.  Please refer to the 
applicable agreement for further details.



+------------------------------------------------------------------------------+
; Analysis & Synthesis Summary                                                 ;
+------------------------------------+-----------------------------------------+
; Analysis & Synthesis Status        ; Successful - Mon Jun 26 22:20:18 2023   ;
; Quartus II Version                 ; 9.0 Build 132 02/25/2009 SJ Web Edition ;
; Revision Name                      ; insttruction_memory                     ;
; Top-level Entity Name              ; insttruction_memory                     ;
; Family                             ; Cyclone II                              ;
; Total logic elements               ; 93                                      ;
;     Total combinational functions  ; 87                                      ;
;     Dedicated logic registers      ; 58                                      ;
; Total registers                    ; 58                                      ;
; Total pins                         ; 133                                     ;
; Total virtual pins                 ; 0                                       ;
; Total memory bits                  ; 0                                       ;
; Embedded Multiplier 9-bit elements ; 0                                       ;
; Total PLLs                         ; 0                                       ;
+------------------------------------+-----------------------------------------+


+------------------------------------------------------------------------------------------------------------+
; Analysis & Synthesis Settings                                                                              ;
+----------------------------------------------------------------+---------------------+---------------------+
; Option                                                         ; Setting             ; Default Value       ;
+----------------------------------------------------------------+---------------------+---------------------+
; Device                                                         ; EP2C20F484C7        ;                     ;
; Top-level entity name                                          ; insttruction_memory ; insttruction_memory ;
; Family name                                                    ; Cyclone II          ; Stratix II          ;
; Use Generated Physical Constraints File                        ; Off                 ;                     ;
; Use smart compilation                                          ; Off                 ; Off                 ;
; Restructure Multiplexers                                       ; Auto                ; Auto                ;
; Create Debugging Nodes for IP Cores                            ; Off                 ; Off                 ;
; Preserve fewer node names                                      ; On                  ; On                  ;
; Disable OpenCore Plus hardware evaluation                      ; Off                 ; Off                 ;
; Verilog Version                                                ; Verilog_2001        ; Verilog_2001        ;
; VHDL Version                                                   ; VHDL93              ; VHDL93              ;
; State Machine Processing                                       ; Auto                ; Auto                ;
; Safe State Machine                                             ; Off                 ; Off                 ;
; Extract Verilog State Machines                                 ; On                  ; On                  ;
; Extract VHDL State Machines                                    ; On                  ; On                  ;
; Ignore Verilog initial constructs                              ; Off                 ; Off                 ;
; Iteration limit for constant Verilog loops                     ; 5000                ; 5000                ;
; Iteration limit for non-constant Verilog loops                 ; 250                 ; 250                 ;
; Add Pass-Through Logic to Inferred RAMs                        ; On                  ; On                  ;
; Parallel Synthesis                                             ; Off                 ; Off                 ;
; DSP Block Balancing                                            ; Auto                ; Auto                ;
; NOT Gate Push-Back                                             ; On                  ; On                  ;
; Power-Up Don't Care                                            ; On                  ; On                  ;
; Remove Redundant Logic Cells                                   ; Off                 ; Off                 ;
; Remove Duplicate Registers                                     ; On                  ; On                  ;
; Ignore CARRY Buffers                                           ; Off                 ; Off                 ;
; Ignore CASCADE Buffers                                         ; Off                 ; Off                 ;
; Ignore GLOBAL Buffers                                          ; Off                 ; Off                 ;
; Ignore ROW GLOBAL Buffers                                      ; Off                 ; Off                 ;
; Ignore LCELL Buffers                                           ; Off                 ; Off                 ;
; Ignore SOFT Buffers                                            ; On                  ; On                  ;
; Limit AHDL Integers to 32 Bits                                 ; Off                 ; Off                 ;
; Optimization Technique                                         ; Balanced            ; Balanced            ;
; Carry Chain Length                                             ; 70                  ; 70                  ;
; Auto Carry Chains                                              ; On                  ; On                  ;
; Auto Open-Drain Pins                                           ; On                  ; On                  ;
; Perform WYSIWYG Primitive Resynthesis                          ; Off                 ; Off                 ;
; Auto ROM Replacement                                           ; On                  ; On                  ;
; Auto RAM Replacement                                           ; On                  ; On                  ;
; Auto Shift Register Replacement                                ; Auto                ; Auto                ;
; Auto Clock Enable Replacement                                  ; On                  ; On                  ;
; Strict RAM Replacement                                         ; Off                 ; Off                 ;
; Allow Synchronous Control Signals                              ; On                  ; On                  ;
; Force Use of Synchronous Clear Signals                         ; Off                 ; Off                 ;
; Auto RAM to Logic Cell Conversion                              ; Off                 ; Off                 ;
; Auto Resource Sharing                                          ; Off                 ; Off                 ;
; Allow Any RAM Size For Recognition                             ; Off                 ; Off                 ;
; Allow Any ROM Size For Recognition                             ; Off                 ; Off                 ;
; Allow Any Shift Register Size For Recognition                  ; Off                 ; Off                 ;
; Use LogicLock Constraints during Resource Balancing            ; On                  ; On                  ;
; Ignore translate_off and synthesis_off directives              ; Off                 ; Off                 ;
; Timing-Driven Synthesis                                        ; Off                 ; Off                 ;
; Show Parameter Settings Tables in Synthesis Report             ; On                  ; On                  ;
; Ignore Maximum Fan-Out Assignments                             ; Off                 ; Off                 ;
; Synchronization Register Chain Length                          ; 2                   ; 2                   ;
; PowerPlay Power Optimization                                   ; Normal compilation  ; Normal compilation  ;
; HDL message level                                              ; Level2              ; Level2              ;
; Suppress Register Optimization Related Messages                ; Off                 ; Off                 ;
; Number of Removed Registers Reported in Synthesis Report       ; 100                 ; 100                 ;
; Number of Inverted Registers Reported in Synthesis Report      ; 100                 ; 100                 ;
; Clock MUX Protection                                           ; On                  ; On                  ;
; Auto Gated Clock Conversion                                    ; Off                 ; Off                 ;
; Block Design Naming                                            ; Auto                ; Auto                ;
; SDC constraint protection                                      ; Off                 ; Off                 ;
; Synthesis Effort                                               ; Auto                ; Auto                ;
; Allows Asynchronous Clear Usage For Shift Register Replacement ; On                  ; On                  ;
; Analysis & Synthesis Message Level                             ; Medium              ; Medium              ;
+----------------------------------------------------------------+---------------------+---------------------+


+---------------------------------------------------------------------------------------------------------------------------------------------+
; Analysis & Synthesis Source Files Read                                                                                                      ;
+----------------------------------+-----------------+------------------------+---------------------------------------------------------------+
; File Name with User-Entered Path ; Used in Netlist ; File Type              ; File Name with Absolute Path                                  ;
+----------------------------------+-----------------+------------------------+---------------------------------------------------------------+
; insttruction_memory.v            ; yes             ; User Verilog HDL File  ; C:/altera/90/quartus/instruction_memory/insttruction_memory.v ;
+----------------------------------+-----------------+------------------------+---------------------------------------------------------------+


+-----------------------------------------------------+
; Analysis & Synthesis Resource Usage Summary         ;
+---------------------------------------------+-------+
; Resource                                    ; Usage ;
+---------------------------------------------+-------+
; Estimated Total logic elements              ; 93    ;
;                                             ;       ;
; Total combinational functions               ; 87    ;
; Logic element usage by number of LUT inputs ;       ;
;     -- 4 input functions                    ; 16    ;
;     -- 3 input functions                    ; 64    ;
;     -- <=2 input functions                  ; 7     ;
;                                             ;       ;
; Logic elements by mode                      ;       ;
;     -- normal mode                          ; 56    ;
;     -- arithmetic mode                      ; 31    ;
;                                             ;       ;
; Total registers                             ; 58    ;
;     -- Dedicated logic registers            ; 58    ;
;     -- I/O registers                        ; 0     ;
;                                             ;       ;
; I/O pins                                    ; 133   ;
; Maximum fan-out node                        ; clk   ;
; Maximum fan-out                             ; 58    ;
; Total fan-out                               ; 488   ;
; Average fan-out                             ; 1.76  ;
+---------------------------------------------+-------+


+------------------------------------------------------------------------------------------------------------------------------------------------------------------------------+
; Analysis & Synthesis Resource Utilization by Entity                                                                                                                          ;
+----------------------------+-------------------+--------------+-------------+--------------+---------+-----------+------+--------------+----------------------+--------------+
; Compilation Hierarchy Node ; LC Combinationals ; LC Registers ; Memory Bits ; DSP Elements ; DSP 9x9 ; DSP 18x18 ; Pins ; Virtual Pins ; Full Hierarchy Name  ; Library Name ;
+----------------------------+-------------------+--------------+-------------+--------------+---------+-----------+------+--------------+----------------------+--------------+
; |insttruction_memory       ; 87 (87)           ; 58 (58)      ; 0           ; 0            ; 0       ; 0         ; 133  ; 0            ; |insttruction_memory ; work         ;
+----------------------------+-------------------+--------------+-------------+--------------+---------+-----------+------+--------------+----------------------+--------------+
Note: For table entries with two numbers listed, the numbers in parentheses indicate the number of resources of the given type used by the specific entity alone. The numbers listed outside of parentheses indicate the total resources of the given type used by the specific entity and all of its sub-entities in the hierarchy.


+--------------------------------------------------------------------------------+
; Registers Removed During Synthesis                                             ;
+---------------------------------------+----------------------------------------+
; Register name                         ; Reason for Removal                     ;
+---------------------------------------+----------------------------------------+
; instruction[0]~reg0                   ; Stuck at GND due to stuck port data_in ;
; instruction[3]~reg0                   ; Stuck at GND due to stuck port data_in ;
; instruction[16]~reg0                  ; Stuck at GND due to stuck port data_in ;
; instruction[20]~reg0                  ; Stuck at GND due to stuck port data_in ;
; instruction[21]~reg0                  ; Stuck at GND due to stuck port data_in ;
; instruction[25]~reg0                  ; Stuck at GND due to stuck port data_in ;
; instruction[30]~reg0                  ; Stuck at GND due to stuck port data_in ;
; instruction[31]~reg0                  ; Stuck at GND due to stuck port data_in ;
; Total Number of Removed Registers = 8 ;                                        ;
+---------------------------------------+----------------------------------------+


+------------------------------------------------------+
; General Register Statistics                          ;
+----------------------------------------------+-------+
; Statistic                                    ; Value ;
+----------------------------------------------+-------+
; Total registers                              ; 58    ;
; Number of registers using Synchronous Clear  ; 46    ;
; Number of registers using Synchronous Load   ; 0     ;
; Number of registers using Asynchronous Clear ; 0     ;
; Number of registers using Asynchronous Load  ; 0     ;
; Number of registers using Clock Enable       ; 0     ;
; Number of registers using Preset             ; 0     ;
+----------------------------------------------+-------+


+-------------------------------+
; Analysis & Synthesis Messages ;
+-------------------------------+
Info: *******************************************************************
Info: Running Quartus II Analysis & Synthesis
    Info: Version 9.0 Build 132 02/25/2009 SJ Web Edition
    Info: Processing started: Mon Jun 26 22:20:17 2023
Info: Command: quartus_map --read_settings_files=on --write_settings_files=off insttruction_memory -c insttruction_memory
Info: Found 1 design units, including 1 entities, in source file insttruction_memory.v
    Info: Found entity 1: insttruction_memory
Info: Found 1 design units, including 1 entities, in source file decode.v
    Info: Found entity 1: decode
Info: Found 1 design units, including 1 entities, in source file testEncoding.bdf
    Info: Found entity 1: testEncoding
Info: Found 1 design units, including 1 entities, in source file AndGate.v
    Info: Found entity 1: AndGate
Info: Found 1 design units, including 1 entities, in source file RegisterFile.v
    Info: Found entity 1: RegisterFile
Info: Found 1 design units, including 1 entities, in source file halfconnection.bdf
    Info: Found entity 1: halfconnection
Info: Found 1 design units, including 1 entities, in source file TestJump.bdf
    Info: Found entity 1: TestJump
Info: Found 1 design units, including 1 entities, in source file register.v
    Info: Found entity 1: register
Info: Found 1 design units, including 1 entities, in source file ALU.v
    Info: Found entity 1: ALU
Info: Found 1 design units, including 1 entities, in source file ALUtesting.bdf
    Info: Found entity 1: ALUtesting
Info: Found 1 design units, including 1 entities, in source file inputs.v
    Info: Found entity 1: inputs
Info: Found 1 design units, including 1 entities, in source file Block1.bdf
    Info: Found entity 1: Block1
Info: Found 1 design units, including 1 entities, in source file Block2.bdf
    Info: Found entity 1: Block2
Info: Elaborating entity "insttruction_memory" for the top level hierarchy
Warning (10030): Net "mem.data_a[31]" at insttruction_memory.v(12) has no driver or initial value, using a default initial value '0'
Warning (10030): Net "mem.data_a[30]" at insttruction_memory.v(12) has no driver or initial value, using a default initial value '0'
Warning (10030): Net "mem.data_a[29]" at insttruction_memory.v(12) has no driver or initial value, using a default initial value '0'
Warning (10030): Net "mem.data_a[28]" at insttruction_memory.v(12) has no driver or initial value, using a default initial value '0'
Warning (10030): Net "mem.data_a[27]" at insttruction_memory.v(12) has no driver or initial value, using a default initial value '0'
Warning (10030): Net "mem.data_a[26]" at insttruction_memory.v(12) has no driver or initial value, using a default initial value '0'
Warning (10030): Net "mem.data_a[25]" at insttruction_memory.v(12) has no driver or initial value, using a default initial value '0'
Warning (10030): Net "mem.data_a[24]" at insttruction_memory.v(12) has no driver or initial value, using a default initial value '0'
Warning (10030): Net "mem.data_a[23]" at insttruction_memory.v(12) has no driver or initial value, using a default initial value '0'
Warning (10030): Net "mem.data_a[22]" at insttruction_memory.v(12) has no driver or initial value, using a default initial value '0'
Warning (10030): Net "mem.data_a[21]" at insttruction_memory.v(12) has no driver or initial value, using a default initial value '0'
Warning (10030): Net "mem.data_a[20]" at insttruction_memory.v(12) has no driver or initial value, using a default initial value '0'
Warning (10030): Net "mem.data_a[19]" at insttruction_memory.v(12) has no driver or initial value, using a default initial value '0'
Warning (10030): Net "mem.data_a[18]" at insttruction_memory.v(12) has no driver or initial value, using a default initial value '0'
Warning (10030): Net "mem.data_a[17]" at insttruction_memory.v(12) has no driver or initial value, using a default initial value '0'
Warning (10030): Net "mem.data_a[16]" at insttruction_memory.v(12) has no driver or initial value, using a default initial value '0'
Warning (10030): Net "mem.data_a[15]" at insttruction_memory.v(12) has no driver or initial value, using a default initial value '0'
Warning (10030): Net "mem.data_a[14]" at insttruction_memory.v(12) has no driver or initial value, using a default initial value '0'
Warning (10030): Net "mem.data_a[13]" at insttruction_memory.v(12) has no driver or initial value, using a default initial value '0'
Warning (10030): Net "mem.data_a[12]" at insttruction_memory.v(12) has no driver or initial value, using a default initial value '0'
Warning (10030): Net "mem.data_a[11]" at insttruction_memory.v(12) has no driver or initial value, using a default initial value '0'
Warning (10030): Net "mem.data_a[10]" at insttruction_memory.v(12) has no driver or initial value, using a default initial value '0'
Warning (10030): Net "mem.data_a[9]" at insttruction_memory.v(12) has no driver or initial value, using a default initial value '0'
Warning (10030): Net "mem.data_a[8]" at insttruction_memory.v(12) has no driver or initial value, using a default initial value '0'
Warning (10030): Net "mem.data_a[7]" at insttruction_memory.v(12) has no driver or initial value, using a default initial value '0'
Warning (10030): Net "mem.data_a[6]" at insttruction_memory.v(12) has no driver or initial value, using a default initial value '0'
Warning (10030): Net "mem.data_a[5]" at insttruction_memory.v(12) has no driver or initial value, using a default initial value '0'
Warning (10030): Net "mem.data_a[4]" at insttruction_memory.v(12) has no driver or initial value, using a default initial value '0'
Warning (10030): Net "mem.data_a[3]" at insttruction_memory.v(12) has no driver or initial value, using a default initial value '0'
Warning (10030): Net "mem.data_a[2]" at insttruction_memory.v(12) has no driver or initial value, using a default initial value '0'
Warning (10030): Net "mem.data_a[1]" at insttruction_memory.v(12) has no driver or initial value, using a default initial value '0'
Warning (10030): Net "mem.data_a[0]" at insttruction_memory.v(12) has no driver or initial value, using a default initial value '0'
Warning (10030): Net "mem.waddr_a[3]" at insttruction_memory.v(12) has no driver or initial value, using a default initial value '0'
Warning (10030): Net "mem.waddr_a[2]" at insttruction_memory.v(12) has no driver or initial value, using a default initial value '0'
Warning (10030): Net "mem.waddr_a[1]" at insttruction_memory.v(12) has no driver or initial value, using a default initial value '0'
Warning (10030): Net "mem.waddr_a[0]" at insttruction_memory.v(12) has no driver or initial value, using a default initial value '0'
Warning (10030): Net "mem.we_a" at insttruction_memory.v(12) has no driver or initial value, using a default initial value '0'
Info: Found 1 instances of uninferred RAM logic
    Info: RAM logic "mem" is uninferred due to inappropriate RAM size
Critical Warning: Memory depth (16) in the design file differs from memory depth (15) in the Memory Initialization File "insttruction_memory.ram0_insttruction_memory_b895adaa.hdl.mif" -- setting initial value for remaining addresses to 0
Warning: Output pins are stuck at VCC or GND
    Warning (13410): Pin "instruction[0]" is stuck at GND
    Warning (13410): Pin "instruction[3]" is stuck at GND
    Warning (13410): Pin "instruction[16]" is stuck at GND
    Warning (13410): Pin "instruction[20]" is stuck at GND
    Warning (13410): Pin "instruction[21]" is stuck at GND
    Warning (13410): Pin "instruction[25]" is stuck at GND
    Warning (13410): Pin "instruction[30]" is stuck at GND
    Warning (13410): Pin "instruction[31]" is stuck at GND
Info: Generated suppressed messages file C:/altera/90/quartus/instruction_memory/insttruction_memory.map.smsg
Warning: Design contains 32 input pin(s) that do not drive logic
    Warning (15610): No output dependent on input pin "BTA[0]"
    Warning (15610): No output dependent on input pin "BTA[1]"
    Warning (15610): No output dependent on input pin "BTA[2]"
    Warning (15610): No output dependent on input pin "BTA[3]"
    Warning (15610): No output dependent on input pin "BTA[4]"
    Warning (15610): No output dependent on input pin "BTA[5]"
    Warning (15610): No output dependent on input pin "BTA[6]"
    Warning (15610): No output dependent on input pin "BTA[7]"
    Warning (15610): No output dependent on input pin "BTA[8]"
    Warning (15610): No output dependent on input pin "BTA[9]"
    Warning (15610): No output dependent on input pin "BTA[10]"
    Warning (15610): No output dependent on input pin "BTA[11]"
    Warning (15610): No output dependent on input pin "BTA[12]"
    Warning (15610): No output dependent on input pin "BTA[13]"
    Warning (15610): No output dependent on input pin "BTA[14]"
    Warning (15610): No output dependent on input pin "BTA[15]"
    Warning (15610): No output dependent on input pin "BTA[16]"
    Warning (15610): No output dependent on input pin "BTA[17]"
    Warning (15610): No output dependent on input pin "BTA[18]"
    Warning (15610): No output dependent on input pin "BTA[19]"
    Warning (15610): No output dependent on input pin "BTA[20]"
    Warning (15610): No output dependent on input pin "BTA[21]"
    Warning (15610): No output dependent on input pin "BTA[22]"
    Warning (15610): No output dependent on input pin "BTA[23]"
    Warning (15610): No output dependent on input pin "BTA[24]"
    Warning (15610): No output dependent on input pin "BTA[25]"
    Warning (15610): No output dependent on input pin "BTA[26]"
    Warning (15610): No output dependent on input pin "BTA[27]"
    Warning (15610): No output dependent on input pin "BTA[28]"
    Warning (15610): No output dependent on input pin "BTA[29]"
    Warning (15610): No output dependent on input pin "BTA[30]"
    Warning (15610): No output dependent on input pin "BTA[31]"
Info: Implemented 230 device resources after synthesis - the final resource count might be different
    Info: Implemented 68 input pins
    Info: Implemented 65 output pins
    Info: Implemented 97 logic cells
Info: Quartus II Analysis & Synthesis was successful. 0 errors, 80 warnings
    Info: Peak virtual memory: 232 megabytes
    Info: Processing ended: Mon Jun 26 22:20:18 2023
    Info: Elapsed time: 00:00:01
    Info: Total CPU time (on all processors): 00:00:01


+------------------------------------------+
; Analysis & Synthesis Suppressed Messages ;
+------------------------------------------+
The suppressed messages can be found in C:/altera/90/quartus/instruction_memory/insttruction_memory.map.smsg.


